Sep 19 21:46:04 host=smtp.gmail.com tls=on auth=on user=gteixe7@gmail.com from=gteixe7@gmail.com recipients=gteixe7@gmail.com mailsize=297 smtpstatus=250 smtpmsg='250 2.0.0 OK  1600577163 131sm8132447pfc.20 - gsmtp' exitcode=EX_OK
Sep 19 21:51:29 host=smtp.gmail.com tls=on auth=on user=gteixe7@gmail.com from=gteixe7@gmail.com recipients=gteixe7@gmail.com mailsize=485 smtpstatus=250 smtpmsg='250 2.0.0 OK  1600577489 j9sm7931214pfe.170 - gsmtp' exitcode=EX_OK
Sep 19 22:35:39 host=smtp.gmail.com tls=on auth=on user=gteixe7@gmail.com from=gteixe7@gmail.com recipients=gteixe7@gmail.com mailsize=287 smtpstatus=250 smtpmsg='250 2.0.0 OK  1600580139 y29sm9045899pfq.207 - gsmtp' exitcode=EX_OK
Sep 20 16:26:07 host=smtp.gmail.com tls=on auth=on user=gteixe7@gmail.com from=gteixe7@gmail.com recipients=audreyhanna@outlook.com,pnba222@ucla.edu mailsize=882 smtpstatus=250 smtpmsg='250 2.0.0 OK  1600644367 25sm9760029pfj.35 - gsmtp' exitcode=EX_OK
Sep 28 17:53:39 host=smtp.gmail.com tls=on auth=on user=gteixe7@gmail.com from=gteixe7@gmail.com recipients=gteixe7@gmail.com mailsize=306 smtpstatus=250 smtpmsg='250 2.0.0 OK  1601340818 u2sm802075pfk.85 - gsmtp' exitcode=EX_OK
Sep 28 17:54:03 host=smtp.gmail.com tls=on auth=on user=gteixe7@gmail.com from=gteixe7@gmail.com recipients=gteixe7@gmail.com mailsize=431 smtpstatus=250 smtpmsg='250 2.0.0 OK  1601340843 x140sm2973714pfc.211 - gsmtp' exitcode=EX_OK
Sep 28 17:58:09 host=smtp.gmail.com tls=on auth=on user=gteixe7@gmail.com from=gteixe7@gmail.com recipients=gteixe7@gmail.com mailsize=280 smtpstatus=250 smtpmsg='250 2.0.0 OK  1601341089 o19sm3069513pfp.64 - gsmtp' exitcode=EX_OK
Sep 28 18:01:41 host=smtp.gmail.com tls=on auth=on user=gteixe7@gmail.com from=gteixe7@gmail.com recipients=czuba@ucla.edu mailsize=302 smtpstatus=250 smtpmsg='250 2.0.0 OK  1601341301 p11sm3012006pfq.130 - gsmtp' exitcode=EX_OK
Sep 28 18:06:45 host=smtp.gmail.com tls=on auth=on user=gteixe7@gmail.com from=gteixe7@gmail.com recipients=czuba@ucla.edu mailsize=283 smtpstatus=250 smtpmsg='250 2.0.0 OK  1601341605 q15sm2755530pgr.27 - gsmtp' exitcode=EX_OK
Sep 28 19:05:39 host=smtp.gmail.com tls=on auth=on user=gteixe7@gmail.com from=gteixe7@gmail.com recipients=connor.joseph.mayer@gmail.com mailsize=576 smtpstatus=250 smtpmsg='250 2.0.0 OK  1601345139 fu11sm2594949pjb.47 - gsmtp' exitcode=EX_OK
Sep 28 19:06:36 host=smtp.gmail.com tls=on auth=on user=gteixe7@gmail.com from=gteixe7@gmail.com recipients=zoieburt@g.ucla.edu mailsize=712 smtpstatus=250 smtpmsg='250 2.0.0 OK  1601345196 l14sm2588494pjy.1 - gsmtp' exitcode=EX_OK
Sep 28 19:20:11 host=smtp.gmail.com tls=on auth=on user=gteixe7@gmail.com from=gteixe7@gmail.com recipients=shosegera@humnet.ucla.edu mailsize=998 smtpstatus=250 smtpmsg='250 2.0.0 OK  1601346010 t9sm2580610pgp.90 - gsmtp' exitcode=EX_OK
Sep 28 19:29:56 host=smtp.gmail.com tls=on auth=on user=gteixe7@gmail.com from=gteixe7@gmail.com recipients=mauraoleary339@gmail.com mailsize=3062 smtpstatus=250 smtpmsg='250 2.0.0 OK  1601346596 d12sm2516404pgd.93 - gsmtp' exitcode=EX_OK
Sep 30 17:34:47 host=smtp.gmail.com tls=on auth=on user=gteixe7@gmail.com from=gteixe7@gmail.com recipients=g.silvestri@ucla.edu,mauraoleary339@gmail.com mailsize=725 smtpstatus=250 smtpmsg='250 2.0.0 OK  1601512486 j13sm3491939pjn.14 - gsmtp' exitcode=EX_OK
Oct 01 17:29:52 host=smtp.gmail.com tls=on auth=on user=gteixe7@gmail.com from=gteixe7@gmail.com recipients=tammyg341@hotmail.com,canaanbreiss1@gmail.com,czuba@ucla.edu mailsize=1404 smtpstatus=250 smtpmsg='250 2.0.0 OK  1601598591 n72sm8559571pfd.27 - gsmtp' exitcode=EX_OK
Oct 04 15:28:08 host=smtp.gmail.com tls=on auth=on user=gteixe7@gmail.com from=gteixe7@gmail.com recipients=rinna.yu02@gmail.com mailsize=812 smtpstatus=250 smtpmsg='250 2.0.0 OK  1601850488 u2sm8310641pji.50 - gsmtp' exitcode=EX_OK
Oct 04 15:32:38 host=smtp.gmail.com tls=on auth=on user=gteixe7@gmail.com from=gteixe7@gmail.com recipients=emilysanto13@g.ucla.edu mailsize=1359 smtpstatus=250 smtpmsg='250 2.0.0 OK  1601850758 y137sm2248838pfc.77 - gsmtp' exitcode=EX_OK
Oct 04 15:42:59 host=smtp.gmail.com tls=on auth=on user=gteixe7@gmail.com from=gteixe7@gmail.com recipients=ysharvit@gmail.com mailsize=736 smtpstatus=250 smtpmsg='250 2.0.0 OK  1601851379 d1sm9828815pfn.220 - gsmtp' exitcode=EX_OK
Oct 05 00:00:17 host=smtp.gmail.com tls=on auth=on user=gteixe7@gmail.com from=gteixe7@gmail.com recipients=ysharvit@gmail.com mailsize=748 smtpstatus=250 smtpmsg='250 2.0.0 OK  1601881216 j11sm9232176pji.31 - gsmtp' exitcode=EX_OK
Oct 05 00:08:09 host=smtp.gmail.com tls=on auth=on user=gteixe7@gmail.com from=gteixe7@gmail.com recipients=das@cs.ucla.edu mailsize=1234 smtpstatus=250 smtpmsg='250 2.0.0 OK  1601881689 j11sm9261310pji.31 - gsmtp' exitcode=EX_OK
Oct 05 00:40:28 host=smtp.gmail.com tls=on auth=on user=gteixe7@gmail.com from=gteixe7@gmail.com recipients=timhunter@ucla.edu mailsize=1032 smtpstatus=250 smtpmsg='250 2.0.0 OK  1601883628 n127sm11001751pfn.155 - gsmtp' exitcode=EX_OK
Oct 05 19:00:01 host=smtp.gmail.com tls=on auth=on user=gteixe7@gmail.com from=gteixe7@gmail.com recipients=sympa@mymaillists.usc.edu mailsize=289 smtpstatus=250 smtpmsg='250 2.0.0 OK  1601949601 z9sm1299163pfk.118 - gsmtp' exitcode=EX_OK
Oct 06 13:54:19 host=smtp.gmail.com tls=on auth=on user=gteixe7@gmail.com from=gteixe7@gmail.com recipients=ysharvit@gmail.com mailsize=396607 smtpstatus=250 smtpmsg='250 2.0.0 OK  1602017659 d17sm63463pfq.157 - gsmtp' exitcode=EX_OK
Oct 07 09:59:37 host=smtp.gmail.com tls=on auth=on user=gteixe7@gmail.com from=gteixe7@gmail.com recipients=timhunter@ucla.edu mailsize=690 smtpstatus=250 smtpmsg='250 2.0.0 OK  1602089977 k9sm3372979pfc.96 - gsmtp' exitcode=EX_OK
Oct 07 15:49:33 host=smtp.gmail.com tls=on auth=on user=gteixe7@gmail.com from=gteixe7@gmail.com recipients=das@cs.ucla.edu mailsize=1284 smtpstatus=250 smtpmsg='250 2.0.0 OK  1602110973 lf11sm3755004pjb.57 - gsmtp' exitcode=EX_OK
Oct 09 15:37:10 host=smtp.gmail.com tls=on auth=on user=gteixe7@gmail.com from=gteixe7@gmail.com recipients=stvguan@ucla.edu mailsize=1366 smtpstatus=250 smtpmsg='250 2.0.0 OK  1602283030 z20sm12503491pjq.1 - gsmtp' exitcode=EX_OK
Oct 10 11:14:45 host=smtp.gmail.com tls=on auth=on user=gteixe7@gmail.com from=gteixe7@gmail.com recipients=keine@g.ucla.edu mailsize=642 smtpstatus=250 smtpmsg='250 2.0.0 OK  1602353685 g1sm14683871pfm.124 - gsmtp' exitcode=EX_OK
Oct 11 23:37:19 host=smtp.gmail.com tls=on auth=on user=gteixe7@gmail.com from=gteixe7@gmail.com recipients=czuba@ucla.edu mailsize=7831 smtpstatus=250 smtpmsg='250 2.0.0 OK  1602484639 190sm2691336pfc.151 - gsmtp' exitcode=EX_OK
Oct 12 20:20:20 host=smtp.gmail.com tls=on auth=on user=gteixe7@gmail.com from=gteixe7@gmail.com recipients=czuba@ucla.edu mailsize=5591 smtpstatus=250 smtpmsg='250 2.0.0 OK  1602559220 d8sm26910742pjr.46 - gsmtp' exitcode=EX_OK
Oct 13 16:24:07 host=smtp.gmail.com tls=on auth=on user=gteixe7@gmail.com from=gteixe7@gmail.com recipients=shosegera@humnet.ucla.edu mailsize=106325 smtpstatus=250 smtpmsg='250 2.0.0 OK  1602631447 m13sm789660pfd.65 - gsmtp' exitcode=EX_OK
Oct 18 20:00:26 host=smtp.gmail.com tls=on auth=on user=gteixe7@gmail.com from=gteixe7@gmail.com recipients=dbumford@ucla.edu,czuba@ucla.edu mailsize=1145 smtpstatus=250 smtpmsg='250 2.0.0 OK  1603076425 hi22sm10307069pjb.21 - gsmtp' exitcode=EX_OK
Oct 19 11:43:00 host=smtp.gmail.com tls=on auth=on user=gteixe7@gmail.com from=gteixe7@gmail.com recipients=bsnefjella@psych.ucla.edu mailsize=744 smtpstatus=250 smtpmsg='250 2.0.0 OK  1603132980 w2sm309387pgi.56 - gsmtp' exitcode=EX_OK
Oct 28 10:28:59 host=smtp.gmail.com tls=on auth=on user=gteixe7@gmail.com from=gteixe7@gmail.com recipients=g.silvestri@ucla.edu,mauraoleary339@gmail.com mailsize=1869 smtpstatus=250 smtpmsg='250 2.0.0 OK  1603906139 q5sm196170pfn.97 - gsmtp' exitcode=EX_OK
